<?xml version="1.0" encoding="UTF-8"?>
<!-- Generated by org.testng.reporters.JUnitReportReporter -->
<testsuite ignored="3" hostname="DF-1418-01" failures="0" tests="1" name="assertsEj.HardAssertEj" time="1.585" errors="1" timestamp="28 Sep 2021 22:00:07 GMT" skipped="0">
  <testcase classname="assertsEj.HardAssertEj" name="verificarTituloDePagina" time="1.585">
    <error message="session not created: This version of ChromeDriver only supports Chrome version 91
Current browser version is 94.0.4606.61 with binary path C:\Program Files (x86)\Google\Chrome\Application\chrome.exe
Build info: version: &#039;3.141.59&#039;, revision: &#039;e82be7d358&#039;, time: &#039;2018-11-14T08:17:03&#039;
System info: host: &#039;DF-1418-01&#039;, ip: &#039;10.20.201.211&#039;, os.name: &#039;Windows 10&#039;, os.arch: &#039;amd64&#039;, os.version: &#039;10.0&#039;, java.version: &#039;15.0.2&#039;
Driver info: driver.version: ChromeDriver
remote stacktrace: Backtrace:
	Ordinal0 [0x00973733+2504499]
	Ordinal0 [0x0090C401+2081793]
	Ordinal0 [0x00812628+1058344]
	Ordinal0 [0x0083071A+1181466]
	Ordinal0 [0x0082C58C+1164684]
	Ordinal0 [0x00829DC3+1154499]
	Ordinal0 [0x00859B82+1350530]
	Ordinal0 [0x008597DA+1349594]
	Ordinal0 [0x00855D4B+1334603]
	Ordinal0 [0x008322B4+1188532]
	Ordinal0 [0x00833149+1192265]
	GetHandleVerifier [0x00AEFB8C+1512252]
	GetHandleVerifier [0x00B9B0DF+2214031]
	GetHandleVerifier [0x009F4BC3+484211]
	GetHandleVerifier [0x009F3E69+480793]
	Ordinal0 [0x0091218D+2105741]
	Ordinal0 [0x009166E8+2123496]
	Ordinal0 [0x00916827+2123815]
	Ordinal0 [0x0091FB73+2161523]
	BaseThreadInitThunk [0x7527FA29+25]
	RtlGetAppContainerNamedObjectPath [0x77417A9E+286]
	RtlGetAppContainerNamedObjectPath [0x77417A6E+238]
" type="org.openqa.selenium.SessionNotCreatedException">
      <![CDATA[org.openqa.selenium.SessionNotCreatedException: session not created: This version of ChromeDriver only supports Chrome version 91
Current browser version is 94.0.4606.61 with binary path C:\Program Files (x86)\Google\Chrome\Application\chrome.exe
Build info: version: '3.141.59', revision: 'e82be7d358', time: '2018-11-14T08:17:03'
System info: host: 'DF-1418-01', ip: '10.20.201.211', os.name: 'Windows 10', os.arch: 'amd64', os.version: '10.0', java.version: '15.0.2'
Driver info: driver.version: ChromeDriver
remote stacktrace: Backtrace:
	Ordinal0 [0x00973733+2504499]
	Ordinal0 [0x0090C401+2081793]
	Ordinal0 [0x00812628+1058344]
	Ordinal0 [0x0083071A+1181466]
	Ordinal0 [0x0082C58C+1164684]
	Ordinal0 [0x00829DC3+1154499]
	Ordinal0 [0x00859B82+1350530]
	Ordinal0 [0x008597DA+1349594]
	Ordinal0 [0x00855D4B+1334603]
	Ordinal0 [0x008322B4+1188532]
	Ordinal0 [0x00833149+1192265]
	GetHandleVerifier [0x00AEFB8C+1512252]
	GetHandleVerifier [0x00B9B0DF+2214031]
	GetHandleVerifier [0x009F4BC3+484211]
	GetHandleVerifier [0x009F3E69+480793]
	Ordinal0 [0x0091218D+2105741]
	Ordinal0 [0x009166E8+2123496]
	Ordinal0 [0x00916827+2123815]
	Ordinal0 [0x0091FB73+2161523]
	BaseThreadInitThunk [0x7527FA29+25]
	RtlGetAppContainerNamedObjectPath [0x77417A9E+286]
	RtlGetAppContainerNamedObjectPath [0x77417A6E+238]

	at java.base/jdk.internal.reflect.NativeConstructorAccessorImpl.newInstance0(Native Method)
	at java.base/jdk.internal.reflect.NativeConstructorAccessorImpl.newInstance(NativeConstructorAccessorImpl.java:64)
	at java.base/jdk.internal.reflect.DelegatingConstructorAccessorImpl.newInstance(DelegatingConstructorAccessorImpl.java:45)
	at java.base/java.lang.reflect.Constructor.newInstanceWithCaller(Constructor.java:500)
	at java.base/java.lang.reflect.Constructor.newInstance(Constructor.java:481)
	at org.openqa.selenium.remote.W3CHandshakeResponse.lambda$errorHandler$0(W3CHandshakeResponse.java:62)
	at org.openqa.selenium.remote.HandshakeResponse.lambda$getResponseFunction$0(HandshakeResponse.java:30)
	at org.openqa.selenium.remote.ProtocolHandshake.lambda$createSession$0(ProtocolHandshake.java:126)
	at java.base/java.util.stream.ReferencePipeline$3$1.accept(ReferencePipeline.java:195)
	at java.base/java.util.Spliterators$ArraySpliterator.tryAdvance(Spliterators.java:958)
	at java.base/java.util.stream.ReferencePipeline.forEachWithCancel(ReferencePipeline.java:127)
	at java.base/java.util.stream.AbstractPipeline.copyIntoWithCancel(AbstractPipeline.java:502)
	at java.base/java.util.stream.AbstractPipeline.copyInto(AbstractPipeline.java:488)
	at java.base/java.util.stream.AbstractPipeline.wrapAndCopyInto(AbstractPipeline.java:474)
	at java.base/java.util.stream.FindOps$FindOp.evaluateSequential(FindOps.java:150)
	at java.base/java.util.stream.AbstractPipeline.evaluate(AbstractPipeline.java:234)
	at java.base/java.util.stream.ReferencePipeline.findFirst(ReferencePipeline.java:543)
	at org.openqa.selenium.remote.ProtocolHandshake.createSession(ProtocolHandshake.java:128)
	at org.openqa.selenium.remote.ProtocolHandshake.createSession(ProtocolHandshake.java:74)
	at org.openqa.selenium.remote.HttpCommandExecutor.execute(HttpCommandExecutor.java:136)
	at org.openqa.selenium.remote.service.DriverCommandExecutor.execute(DriverCommandExecutor.java:83)
	at org.openqa.selenium.remote.RemoteWebDriver.execute(RemoteWebDriver.java:552)
	at org.openqa.selenium.remote.RemoteWebDriver.startSession(RemoteWebDriver.java:213)
	at org.openqa.selenium.remote.RemoteWebDriver.<init>(RemoteWebDriver.java:131)
	at org.openqa.selenium.chrome.ChromeDriver.<init>(ChromeDriver.java:181)
	at org.openqa.selenium.chrome.ChromeDriver.<init>(ChromeDriver.java:168)
	at org.openqa.selenium.chrome.ChromeDriver.<init>(ChromeDriver.java:123)
	at assertsEj.HardAssertEj.verificarTituloDePagina(HardAssertEj.java:34)
	at java.base/jdk.internal.reflect.NativeMethodAccessorImpl.invoke0(Native Method)
	at java.base/jdk.internal.reflect.NativeMethodAccessorImpl.invoke(NativeMethodAccessorImpl.java:64)
	at java.base/jdk.internal.reflect.DelegatingMethodAccessorImpl.invoke(DelegatingMethodAccessorImpl.java:43)
	at java.base/java.lang.reflect.Method.invoke(Method.java:564)
	at org.testng.internal.MethodInvocationHelper.invokeMethod(MethodInvocationHelper.java:104)
	at org.testng.internal.Invoker.invokeMethod(Invoker.java:645)
	at org.testng.internal.Invoker.invokeTestMethod(Invoker.java:851)
	at org.testng.internal.Invoker.invokeTestMethods(Invoker.java:1177)
	at org.testng.internal.TestMethodWorker.invokeTestMethods(TestMethodWorker.java:129)
	at org.testng.internal.TestMethodWorker.run(TestMethodWorker.java:112)
	at org.testng.TestRunner.privateRun(TestRunner.java:756)
	at org.testng.TestRunner.run(TestRunner.java:610)
	at org.testng.SuiteRunner.runTest(SuiteRunner.java:387)
	at org.testng.SuiteRunner.runSequentially(SuiteRunner.java:382)
	at org.testng.SuiteRunner.privateRun(SuiteRunner.java:340)
	at org.testng.SuiteRunner.run(SuiteRunner.java:289)
	at org.testng.SuiteRunnerWorker.runSuite(SuiteRunnerWorker.java:52)
	at org.testng.SuiteRunnerWorker.run(SuiteRunnerWorker.java:86)
	at org.testng.TestNG.runSuitesSequentially(TestNG.java:1293)
	at org.testng.TestNG.runSuitesLocally(TestNG.java:1218)
	at org.testng.TestNG.runSuites(TestNG.java:1133)
	at org.testng.TestNG.run(TestNG.java:1104)
	at org.testng.remote.AbstractRemoteTestNG.run(AbstractRemoteTestNG.java:115)
	at org.testng.remote.RemoteTestNG.initAndRun(RemoteTestNG.java:251)
	at org.testng.remote.RemoteTestNG.main(RemoteTestNG.java:77)
]]>
    </error>
  </testcase> <!-- verificarTituloDePagina -->
  <testcase classname="assertsEj.HardAssertEj" name="assertEquals">
    <skipped/>
  </testcase> <!-- assertEquals -->
  <testcase classname="assertsEj.HardAssertEj" name="assertTrue">
    <skipped/>
  </testcase> <!-- assertTrue -->
  <testcase classname="assertsEj.HardAssertEj" name="assertNotEquals">
    <skipped/>
  </testcase> <!-- assertNotEquals -->
</testsuite> <!-- assertsEj.HardAssertEj -->
